Apache Ant version 1.6.0 compiled on December 18 2003
Buildfile: BrainNetwork.xml
Detected Java version: 1.4 in: /usr/lib/jvm/java-1.7.0-openjdk-1.7.0.65.x86_64/jre
Detected OS: Linux
parsing buildfile /home/imilankovic/AppGalery/BrainNetwork/APP/dfe/RunRules/Galava/BrainNetwork.xml with URI = file:///home/imilankovic/AppGalery/BrainNetwork/APP/dfe/RunRules/Galava/BrainNetwork.xml
Project base dir set to: /home/imilankovic/AppGalery/BrainNetwork/APP/dfe/EngineCode
 [property] Loading Environment env.
Property ${-*-command-variables-*-} has not been set
Property ${env.MAXCOMPILERJCP} has not been set
Build sequence for target `run' is [build, run]
Complete build sequence is [build, run, help, runresult, clean, all, jar, ]

build:
      [ant] calling target [default] in build file /home/imilankovic/AppGalery/BrainNetwork/APP/dfe/RunRules/Galava/BrainNetwork_Build.xml
parsing buildfile /home/imilankovic/AppGalery/BrainNetwork/APP/dfe/RunRules/Galava/BrainNetwork_Build.xml with URI = file:///home/imilankovic/AppGalery/BrainNetwork/APP/dfe/RunRules/Galava/BrainNetwork_Build.xml
Project base dir set to: /home/imilankovic/AppGalery/BrainNetwork/APP/dfe/EngineCode
 [property] Loading Environment env.
Property ${-*-command-variables-*-} has not been set
Property ${env.MAXCOMPILERJCP} has not been set
      [ant] Entering /home/imilankovic/AppGalery/BrainNetwork/APP/dfe/RunRules/Galava/BrainNetwork_Build.xml...
Build sequence for target `all' is [clean, build, all]
Complete build sequence is [clean, build, all, ]

clean:
   [delete] Deleting directory /home/imilankovic/AppGalery/BrainNetwork/APP/dfe/RunRules/Galava/dist
   [delete] Deleting /home/imilankovic/AppGalery/BrainNetwork/APP/dfe/RunRules/Galava/dist/bin/com/maxeler/publicdemos/brainnetwork/BrainNetworkManager.class
   [delete] Deleting /home/imilankovic/AppGalery/BrainNetwork/APP/dfe/RunRules/Galava/dist/bin/com/maxeler/publicdemos/brainnetwork/BrainNetworkBuilder.class
   [delete] Deleting /home/imilankovic/AppGalery/BrainNetwork/APP/dfe/RunRules/Galava/dist/bin/com/maxeler/publicdemos/brainnetwork/CompressorBufferKernel.class
   [delete] Deleting /home/imilankovic/AppGalery/BrainNetwork/APP/dfe/RunRules/Galava/dist/bin/com/maxeler/publicdemos/brainnetwork/ColumnMemoryControllerKernel.class
   [delete] Deleting /home/imilankovic/AppGalery/BrainNetwork/APP/dfe/RunRules/Galava/dist/bin/com/maxeler/publicdemos/brainnetwork/LinearCorrelationKernel.class
   [delete] Deleting /home/imilankovic/AppGalery/BrainNetwork/APP/dfe/RunRules/Galava/dist/bin/com/maxeler/publicdemos/brainnetwork/BrainNetworkParams.class
   [delete] Deleting directory /home/imilankovic/AppGalery/BrainNetwork/APP/dfe/RunRules/Galava/dist/bin/com/maxeler/publicdemos/brainnetwork
   [delete] Deleting directory /home/imilankovic/AppGalery/BrainNetwork/APP/dfe/RunRules/Galava/dist/bin/com/maxeler/publicdemos
   [delete] Deleting directory /home/imilankovic/AppGalery/BrainNetwork/APP/dfe/RunRules/Galava/dist/bin/com/maxeler
   [delete] Deleting directory /home/imilankovic/AppGalery/BrainNetwork/APP/dfe/RunRules/Galava/dist/bin/com
   [delete] Deleting directory /home/imilankovic/AppGalery/BrainNetwork/APP/dfe/RunRules/Galava/dist/bin
   [delete] Deleting directory /home/imilankovic/AppGalery/BrainNetwork/APP/dfe/RunRules/Galava/dist

build:
    [mkdir] Created dir: /home/imilankovic/AppGalery/BrainNetwork/APP/dfe/RunRules/Galava/dist
    [mkdir] Created dir: /home/imilankovic/AppGalery/BrainNetwork/APP/dfe/RunRules/Galava/dist/bin


[maxjcompiler] Compiling to folder /home/imilankovic/AppGalery/BrainNetwork/APP/dfe/RunRules/Galava/dist/bin

[maxjcompiler] Compiling files and folders:
[maxjcompiler] /home/imilankovic/AppGalery/BrainNetwork/APP/dfe/EngineCode/src

[maxjcompiler] Compiler options:
[maxjcompiler] -noExit
[maxjcompiler] -classpath
[maxjcompiler] /network-raid/opt/maxcompiler-2014.2/lib/MaxCompiler.jar:/network-raid/opt/maxq/maxq-ctl.jar:/network-raid/opt/maxq2/maxq2-latest/maxq2.jar:/network-raid/opt/antlr-3.3/antlr-3.3-complete.jar
[maxjcompiler] -d
[maxjcompiler] /home/imilankovic/AppGalery/BrainNetwork/APP/dfe/RunRules/Galava/dist/bin

all:
      [ant] Exiting /home/imilankovic/AppGalery/BrainNetwork/APP/dfe/RunRules/Galava/BrainNetwork_Build.xml.

run:
     [java] Executing '/usr/lib/jvm/java-1.7.0-openjdk-1.7.0.65.x86_64/jre/bin/java' with arguments:
     [java] '-Xmx2048m'
     [java] '-classpath'
     [java] '/home/imilankovic/AppGalery/BrainNetwork/APP/dfe/RunRules/Galava/dist/bin:/network-raid/opt/maxcompiler-2014.2/lib/MaxCompiler.jar:/network-raid/opt/maxq/maxq-ctl.jar:/network-raid/opt/maxq2/maxq2-latest/maxq2.jar:/network-raid/opt/antlr-3.3/antlr-3.3-complete.jar'
     [java] 'com.maxeler.publicdemos.brainnetwork.BrainNetworkBuilder'
     [java] 
     [java] The ' characters around the executable and arguments are
     [java] not part of the command.
     [java] Setting environment variable: MAXSOURCEDIRS=src
     [java] Thu 17:17: MaxCompiler version: 2014.2
     [java] Thu 17:17: Build "BrainNetwork" start time: Thu Apr 23 17:17:22 BST 2015
     [java] Thu 17:17: Main build process running as user imilankovic on host nxws26.office.maxeler.com
     [java] Thu 17:17: Build location: /home/imilankovic/builds/23-04-15/BrainNetwork_p12_DFE_f200_ce3_GALAVA_w30
     [java] Thu 17:17: Detailed build log available in "_build.log"
     [java] Thu 17:17: 
     [java] Thu 17:17: ENGINE BUILD PARAMETERS
     [java] Thu 17:17: 	     Build name: BrainNetwork_p12_DFE_f200_ce3_GALAVA_w30
     [java] Thu 17:17: 	       DFEModel: GALAVA                                  
     [java] Thu 17:17: 	    maxFileName: BrainNetwork                            
     [java] Thu 17:17: 	         target: DFE                                     
     [java] Thu 17:17: 	     enableMPCX: false                                   
     [java] Thu 17:17: 	       numPipes: 12                                      
     [java] Thu 17:17: 	      frequency: 200                                     
     [java] Thu 17:17: 	         window: 30                                      
     [java] Thu 17:17: 	       simulate: false                                   
     [java] Thu 17:17: 	      enableECC: true                                    
     [java] Thu 17:17: 	ceNumPartitions: 3                                       
     [java] Thu 17:17: 	         suffix:                                         
     [java] Thu 17:17: Instantiating kernel "ColumnMemoryControllerKernel"
     [java] Thu 17:17: Instantiating kernel "LinearCorrelationKernel"
     [java] Thu 17:17: WARNING: Floating-point casts ignore set rounding mode and use TONEAREVEN rounding only.
     [java] Thu 17:17: Instantiating kernel "CompressorBufferKernel"
     [java] Thu 17:17: 
     [java] Thu 17:17: ENGINE BUILD PARAMETERS
     [java] Thu 17:17: 	     Build name: BrainNetwork_p12_DFE_f200_ce3_GALAVA_w30
     [java] Thu 17:17: 	       DFEModel: GALAVA                                  
     [java] Thu 17:17: 	    maxFileName: BrainNetwork                            
     [java] Thu 17:17: 	         target: DFE                                     
     [java] Thu 17:17: 	     enableMPCX: false                                   
     [java] Thu 17:17: 	       numPipes: 12                                      
     [java] Thu 17:17: 	      frequency: 200                                     
     [java] Thu 17:17: 	         window: 30                                      
     [java] Thu 17:17: 	       simulate: false                                   
     [java] Thu 17:17: 	      enableECC: true                                    
     [java] Thu 17:17: 	ceNumPartitions: 3                                       
     [java] Thu 17:17: 	         suffix:                                         
     [java] Thu 17:17: WARNING: Transitioning from non-multiple stream widths 1152 to 768 via a stream of width 2304 is suboptimal for performance and resource utilization.  Use Manager.setAllowNonMultipleTransitions(true) or config.setAllowNonMultipleTransitions(true) (in a CustomManager) to allow such transitions.
     [java] Thu 17:17: WARNING: Source='CompressorBufferKernel.burst_to_memory' Sink='burst_to_memory.burst_to_memory'
     [java] Thu 17:17: 
     [java] Thu 17:17: Compiling kernel "ColumnMemoryControllerKernel"
     [java] Thu 17:17: WARNING: Warning (UNCONNECTED_DESIGN_ELEMENT):
     [java] Thu 17:17: WARNING: Unconnected elements in design 'ColumnMemoryControllerKernel'
     [java] Thu 17:17: WARNING: details in : /home/imilankovic/builds/23-04-15/BrainNetwork_p12_DFE_f200_ce3_GALAVA_w30/scratch/ColumnMemoryControllerKernel_graph_warnings.txt
     [java] Thu 17:17: 
     [java] Thu 17:17: Compiling kernel "LinearCorrelationKernel"
     [java] Thu 17:17: WARNING: Warning (UNCONNECTED_DESIGN_ELEMENT):
     [java] Thu 17:17: WARNING: Unconnected elements in design 'LinearCorrelationKernel'
     [java] Thu 17:17: WARNING: details in : /home/imilankovic/builds/23-04-15/BrainNetwork_p12_DFE_f200_ce3_GALAVA_w30/scratch/LinearCorrelationKernel_graph_warnings.txt
     [java] Thu 17:17: WARNING: Warning (MULTIPLY_ADD_EXTRACTION):
     [java] Thu 17:17: WARNING: MaxCompiler has detected and optimized one or more multiply add trees. These
     [java] Thu 17:17: WARNING: optimizations reduce the amount of rounding that takes place. This will improve
     [java] Thu 17:17: WARNING: precision but may mean that the output of this bitstream is not bit-identical
     [java] Thu 17:17: WARNING: to that of a similar bitstream.
     [java] Thu 17:17: WARNING: Warning (CONSTANT_ENCODING):
     [java] Thu 17:17: WARNING: Precision loss occurred in some constant values.
     [java] Thu 17:17: WARNING: For details see /home/imilankovic/builds/23-04-15/BrainNetwork_p12_DFE_f200_ce3_GALAVA_w30/scratch/LinearCorrelationKernel_constants_report.txt
     [java] Thu 17:18: 
     [java] Thu 17:18: Compiling kernel "CompressorBufferKernel"
     [java] Thu 17:18: WARNING: Warning (UNCONNECTED_DESIGN_ELEMENT):
     [java] Thu 17:18: WARNING: Unconnected elements in design 'CompressorBufferKernel'
     [java] Thu 17:18: WARNING: details in : /home/imilankovic/builds/23-04-15/BrainNetwork_p12_DFE_f200_ce3_GALAVA_w30/scratch/CompressorBufferKernel_graph_warnings.txt
     [java] Thu 17:18: Generating input files (VHDL, netlists, MegaWizard/CoreGen)
     [java] Thu 17:19: Running back-end  build (16 phases)
     [java] Thu 17:19: (1/16) - Prepare MaxFile Data (GenerateMaxFileDataFile)
     [java] Thu 17:19: (2/16) - Prepare for Placement (QuartusMap)
     [java] Thu 17:41: (3/16) - Generate Incremental Netlist (QuartusCdb)
     [java] Thu 17:44: (4/16) - Generate Resource Report (AlteraResourceUsageBuildPass)
     [java] Thu 17:44: (5/16) - Generate Annotated Source Code (AlteraResourceAnnotationBuildPass)
     [java] Thu 17:45: (6/16) - Analyse Resource Usage (AlteraResourceCounterPass)
     [java] Thu 17:45: 
     [java] Thu 17:45: About to start chip vendor Map/Place/Route toolflow. This will take some time.
     [java] Thu 17:45: For this compile, we estimate this process may take up to 1 hour.
     [java] Thu 17:45: We recommend running in simulation to verify correctness before building hardware.
     [java] Thu 17:45: 
     [java] Thu 17:45: PRELIMINARY RESOURCE USAGE
     [java] Thu 17:45: Logic utilization:      85392 / 185000   (46.16%)
     [java] Thu 17:45: Multipliers (18x18):      432 / 512      (84.38%)
     [java] Thu 17:45: Block memory (bits):  8946903 / 47185920 (18.96%)
     [java] Thu 17:45: 
     [java] Thu 17:45: (7/16) - Place and Route DFE (AlteraMPPR)
     [java] Thu 17:45: Executing MPPR with 1 cost table and 1 thread.
     [java] Thu 17:45: MPPR: Starting 1 cost table
     [java] Thu 19:27: MPPR: Cost table 1 failed timing with score 24717 (best score 24717)
     [java] Thu 19:27: MPPR: Failed to meet timing! Best score: 24717
     [java] Thu 19:27: (8/16) - Generate Configuration (QuartusAsm)
     [java] Thu 19:31: (9/16) - Convert Programming File (QuartusCpf)
     [java] Thu 19:31: (10/16) - Update Checksum (UpdateChecksumBuildPass)
     [java] Thu 19:31: (11/16) - Generate Incremental Netlist (QuartusCdb)
     [java] Thu 19:33: (12/16) - Generate Configuration (QuartusAsm)
     [java] Thu 19:37: (13/16) - Convert Programming File (QuartusCpf)
     [java] Thu 19:38: (14/16) - Generate Resource Report (AlteraResourceUsageBuildPass)
     [java] Thu 19:38: (15/16) - Generate Annotated Source Code (AlteraResourceAnnotationBuildPass)
     [java] Thu 19:38: (16/16) - Generate MaxFile (GenerateMaxFileAltera)
     [java] Thu 19:38: 
     [java] Thu 19:38: FINAL RESOURCE USAGE
     [java] Thu 19:38: Logic utilization:    69194 / 185000 (37.40%)
     [java] Thu 19:38:   Primary FFs:       127177 / 370000 (34.37%)
     [java] Thu 19:38:   Secondary FFs:       6007 / 370000 (1.62%)
     [java] Thu 19:38: Multipliers (18x18):    432 / 512    (84.38%)
     [java] Thu 19:38:   DSP blocks:           216 / 256    (84.38%)
     [java] Thu 19:38: Block memory (M20K):    820 / 2304   (35.59%)
     [java] Thu 19:38: 
     [java] Thu 19:38: MaxFile: /home/imilankovic/builds/23-04-15/BrainNetwork_p12_DFE_f200_ce3_GALAVA_w30/results/BrainNetwork.max (MD5Sum: 1c4e4c4203634d520410d4393e17b938)
     [java] Thu 19:38: ERROR: FAILED TO MEET TIMING! Best timing score: 24717. We strongly recommend you do not use this .max file.
     [java] Thu 19:38: ERROR: Please see the timing report for more information and consult the MaxCompiler optimization cheat sheet for ideas on how to improve your design.
     [java] Thu 19:38: ERROR: Timing report: /home/imilankovic/builds/23-04-15/BrainNetwork_p12_DFE_f200_ce3_GALAVA_w30/timingreport/index.html
     [java] Thu 19:38: ERROR: MaxCompiler documentation: /network-raid/opt/maxcompiler-2014.2/docs/maxcompiler-optimization-cheat-sheet.pdf
     [java] Thu 19:38: ERROR: ----------------------------
     [java] Thu 19:38: ERROR: Exception in thread "main":
     [java] Thu 19:38: ERROR:  
     [java] Thu 19:38: ERROR:   Build failed to meet timing (best timing score 24717)
     [java] Thu 19:38: ERROR: 
     [java] Thu 19:38: ERROR: Exception Stack Trace com.maxeler.maxdc.BuildFailedTimingException: 
     [java] Thu 19:38: ERROR:    at com.maxeler.maxdc.BuildManager.finalizeBuild(BuildManager.java:1739)
     [java] Thu 19:38: ERROR:    at com.maxeler.maxdc.BuildManager.build(BuildManager.java:1590)
     [java] Thu 19:38: ERROR:    at com.maxeler.maxcompiler.v2.managers.DFEManager.runBuild(DFEManager.java:383)
     [java] Thu 19:38: ERROR:    at com.maxeler.maxcompiler.v2.managers._Managers.runBuild(_Managers.java:16)
     [java] Thu 19:38: ERROR:    at com.maxeler.maxcompiler.v2.managers.custom.CustomManager.realBuild(CustomManager.java:1473)
     [java] Thu 19:38: ERROR:    at com.maxeler.maxcompiler.v2.managers.DFEManager.build(DFEManager.java:361)
     [java] Thu 19:38: ERROR:    at com.maxeler.publicdemos.brainnetwork.BrainNetworkBuilder.main(BrainNetworkBuilder.java:47)
     [java] Thu 19:38: ERROR: ----------------------------


     [java] Java Result: 1
     [exec] Current OS is Linux
     [exec] Executing '/network-raid/opt/maxcompiler-2014.2/lib/MaxIDE/copyBuildResults.sh' with arguments:
     [exec] '-p'
     [exec] 'Galava'
     [exec] 
     [exec] The ' characters around the executable and arguments are
     [exec] not part of the command.



BUILD SUCCESSFUL
Total time: 141 minutes 48 seconds
