Apache Ant version 1.6.0 compiled on December 18 2003
Buildfile: BrainNetwork.xml
Detected Java version: 1.4 in: /usr/lib/jvm/java-1.7.0-openjdk-1.7.0.65.x86_64/jre
Detected OS: Linux
parsing buildfile /home/imilankovic/AppGalery/BrainNetwork/APP/dfe/RunRules/Vectis/BrainNetwork.xml with URI = file:///home/imilankovic/AppGalery/BrainNetwork/APP/dfe/RunRules/Vectis/BrainNetwork.xml
Project base dir set to: /home/imilankovic/AppGalery/BrainNetwork/APP/dfe/EngineCode
 [property] Loading Environment env.
Property ${-*-command-variables-*-} has not been set
Property ${env.MAXCOMPILERJCP} has not been set
Build sequence for target `run' is [build, run]
Complete build sequence is [build, run, help, clean, all, jar, ]

build:
      [ant] calling target [default] in build file /home/imilankovic/AppGalery/BrainNetwork/APP/dfe/RunRules/Vectis/BrainNetwork_Build.xml
parsing buildfile /home/imilankovic/AppGalery/BrainNetwork/APP/dfe/RunRules/Vectis/BrainNetwork_Build.xml with URI = file:///home/imilankovic/AppGalery/BrainNetwork/APP/dfe/RunRules/Vectis/BrainNetwork_Build.xml
Project base dir set to: /home/imilankovic/AppGalery/BrainNetwork/APP/dfe/EngineCode
 [property] Loading Environment env.
Property ${-*-command-variables-*-} has not been set
Property ${env.MAXCOMPILERJCP} has not been set
      [ant] Entering /home/imilankovic/AppGalery/BrainNetwork/APP/dfe/RunRules/Vectis/BrainNetwork_Build.xml...
Build sequence for target `all' is [clean, build, all]
Complete build sequence is [clean, build, all, ]

clean:

build:
    [mkdir] Created dir: /home/imilankovic/AppGalery/BrainNetwork/APP/dfe/RunRules/Vectis/dist
    [mkdir] Created dir: /home/imilankovic/AppGalery/BrainNetwork/APP/dfe/RunRules/Vectis/dist/bin


[maxjcompiler] Compiling to folder /home/imilankovic/AppGalery/BrainNetwork/APP/dfe/RunRules/Vectis/dist/bin

[maxjcompiler] Compiling files and folders:
[maxjcompiler] /home/imilankovic/AppGalery/BrainNetwork/APP/dfe/EngineCode/src

[maxjcompiler] Compiler options:
[maxjcompiler] -noExit
[maxjcompiler] -classpath
[maxjcompiler] /network-raid/opt/maxcompiler-2014.2/lib/MaxCompiler.jar:/network-raid/opt/maxq/maxq-ctl.jar
[maxjcompiler] -d
[maxjcompiler] /home/imilankovic/AppGalery/BrainNetwork/APP/dfe/RunRules/Vectis/dist/bin

all:
      [ant] Exiting /home/imilankovic/AppGalery/BrainNetwork/APP/dfe/RunRules/Vectis/BrainNetwork_Build.xml.

run:
     [java] Executing '/usr/lib/jvm/java-1.7.0-openjdk-1.7.0.65.x86_64/jre/bin/java' with arguments:
     [java] '-Xmx2048m'
     [java] '-classpath'
     [java] '/home/imilankovic/AppGalery/BrainNetwork/APP/dfe/RunRules/Vectis/dist/bin:/network-raid/opt/maxcompiler-2014.2/lib/MaxCompiler.jar:/network-raid/opt/maxq/maxq-ctl.jar'
     [java] 'com.maxeler.publicdemos.brainnetwork.BrainNetworkBuilder'
     [java] 
     [java] The ' characters around the executable and arguments are
     [java] not part of the command.
     [java] Setting environment variable: MAXSOURCEDIRS=/home/kate/publicdemos/BrainNetwork/current/src/dfe/EngineCode/src
     [java] Wed 14:11: MaxCompiler version: 2014.2
     [java] Wed 14:11: Build "BrainNetwork" start time: Wed Apr 22 14:11:47 BST 2015
     [java] Wed 14:11: Main build process running as user imilankovic on host nxws26.office.maxeler.com
     [java] Wed 14:11: Build location: /home/imilankovic/builds/22-04-15/BrainNetwork_p8_DFE_f150_ce3_VECTIS_w30
     [java] Wed 14:11: Detailed build log available in "_build.log"
     [java] Wed 14:11: 
     [java] Wed 14:11: ENGINE BUILD PARAMETERS
     [java] Wed 14:11: 	        Build name: BrainNetwork_p8_DFE_f150_ce3_VECTIS_w30
     [java] Wed 14:11: 	          DFEModel: VECTIS                                 
     [java] Wed 14:11: 	       maxFileName: BrainNetwork                           
     [java] Wed 14:11: 	            target: DFE                                    
     [java] Wed 14:11: 	        enableMPCX: false                                  
     [java] Wed 14:11: 	       MPPRStartCT: 1                                      
     [java] Wed 14:11: 	         MPPREndCT: 2                                      
     [java] Wed 14:11: 	       MPPRThreads: 1                                      
     [java] Wed 14:11: 	MPPRRetryThreshold: 0                                      
     [java] Wed 14:11: 	          numPipes: 8                                      
     [java] Wed 14:11: 	         frequency: 150                                    
     [java] Wed 14:11: 	            window: 30                                     
     [java] Wed 14:11: 	          simulate: false                                  
     [java] Wed 14:11: 	         enableECC: false                                  
     [java] Wed 14:11: 	   ceNumPartitions: 3                                      
     [java] Wed 14:11: 	            suffix:                                        
     [java] Wed 14:11: Instantiating kernel "ColumnMemoryControllerKernel"
     [java] Wed 14:11: Instantiating kernel "LinearCorrelationKernel"
     [java] Wed 14:11: WARNING: Floating-point casts ignore set rounding mode and use TONEAREVEN rounding only.
     [java] Wed 14:11: Instantiating kernel "CompressorBufferKernel"
     [java] Wed 14:11: 
     [java] Wed 14:11: ENGINE BUILD PARAMETERS
     [java] Wed 14:11: 	        Build name: BrainNetwork_p8_DFE_f150_ce3_VECTIS_w30
     [java] Wed 14:11: 	          DFEModel: VECTIS                                 
     [java] Wed 14:11: 	       maxFileName: BrainNetwork                           
     [java] Wed 14:11: 	            target: DFE                                    
     [java] Wed 14:11: 	        enableMPCX: false                                  
     [java] Wed 14:11: 	       MPPRStartCT: 1                                      
     [java] Wed 14:11: 	         MPPREndCT: 2                                      
     [java] Wed 14:11: 	       MPPRThreads: 1                                      
     [java] Wed 14:11: 	MPPRRetryThreshold: 0                                      
     [java] Wed 14:11: 	          numPipes: 8                                      
     [java] Wed 14:11: 	         frequency: 150                                    
     [java] Wed 14:11: 	            window: 30                                     
     [java] Wed 14:11: 	          simulate: false                                  
     [java] Wed 14:11: 	         enableECC: false                                  
     [java] Wed 14:11: 	   ceNumPartitions: 3                                      
     [java] Wed 14:11: 	            suffix:                                        
     [java] Wed 14:11: 
     [java] Wed 14:11: Compiling kernel "ColumnMemoryControllerKernel"
     [java] Wed 14:11: WARNING: Warning (UNCONNECTED_DESIGN_ELEMENT):
     [java] Wed 14:11: WARNING: Unconnected elements in design 'ColumnMemoryControllerKernel'
     [java] Wed 14:11: WARNING: details in : /home/imilankovic/builds/22-04-15/BrainNetwork_p8_DFE_f150_ce3_VECTIS_w30/scratch/ColumnMemoryControllerKernel_graph_warnings.txt
     [java] Wed 14:12: 
     [java] Wed 14:12: Compiling kernel "LinearCorrelationKernel"
     [java] Wed 14:12: WARNING: Warning (UNCONNECTED_DESIGN_ELEMENT):
     [java] Wed 14:12: WARNING: Unconnected elements in design 'LinearCorrelationKernel'
     [java] Wed 14:12: WARNING: details in : /home/imilankovic/builds/22-04-15/BrainNetwork_p8_DFE_f150_ce3_VECTIS_w30/scratch/LinearCorrelationKernel_graph_warnings.txt
     [java] Wed 14:12: WARNING: Warning (MULTIPLY_ADD_EXTRACTION):
     [java] Wed 14:12: WARNING: MaxCompiler has detected and optimized one or more multiply add trees. These
     [java] Wed 14:12: WARNING: optimizations reduce the amount of rounding that takes place. This may mean
     [java] Wed 14:12: WARNING: that the output of this bitstream is not bit-identical to that of a similar
     [java] Wed 14:12: WARNING: bitstream.
     [java] Wed 14:12: WARNING: Warning (CONSTANT_ENCODING):
     [java] Wed 14:12: WARNING: Precision loss occurred in some constant values.
     [java] Wed 14:12: WARNING: For details see /home/imilankovic/builds/22-04-15/BrainNetwork_p8_DFE_f150_ce3_VECTIS_w30/scratch/LinearCorrelationKernel_constants_report.txt
     [java] Wed 14:12: 
     [java] Wed 14:12: Compiling kernel "CompressorBufferKernel"
     [java] Wed 14:12: Generating input files (VHDL, netlists, MegaWizard/CoreGen)
     [java] Wed 14:13: Running back-end  build (12 phases)
     [java] Wed 14:13: (1/12) - Prepare MaxFile Data (GenerateMaxFileDataFile)
     [java] Wed 14:13: (2/12) - Synthesize DFE Modules (XST)
     [java] Wed 14:25: (3/12) - Link DFE Modules (NGCBuild)
     [java] Wed 14:25: (4/12) - Prepare for Resource Analysis (EDIF2MxruBuildPass)
     [java] Wed 14:26: (5/12) - Generate Preliminary Annotated Source Code (PreliminaryResourceAnnotationBuildPass)
     [java] Wed 14:26: ERROR: Not enough lines in "/home/imilankovic/builds/22-04-15/BrainNetwork_p8_DFE_f150_ce3_VECTIS_w30/src/com/maxeler/publicdemos/brainnetwork/BrainNetworkBuilder.java" for annotation. Using incorrect MaxCompilerDesignData.dat or source files?
     [java] Wed 14:26: ERROR: Error annotating source files.
     [java] Wed 14:26: ERROR: Build pass 'Generate Preliminary Annotated Source Code' failed.
     [java] Wed 14:26: (6/12) - Report Resource Usage (XilinxPreliminaryResourceSummary)
     [java] Wed 14:26: 
     [java] Wed 14:26: PRELIMINARY RESOURCE USAGE
     [java] Wed 14:26: Logic utilization:     128360 / 297600 (43.13%)
     [java] Wed 14:26:   LUTs:                 63154 / 297600 (21.22%)
     [java] Wed 14:26:   Primary FFs:         105291 / 297600 (35.38%)
     [java] Wed 14:26: Multipliers (25x18):      280 / 2016   (13.89%)
     [java] Wed 14:26:   DSP blocks:             280 / 2016   (13.89%)
     [java] Wed 14:26: Block memory (BRAM18):    524 / 2128   (24.62%)
     [java] Wed 14:26: 
     [java] Wed 14:26: About to start chip vendor Map/Place/Route toolflow. This will take some time.
     [java] Wed 14:26: For this compile, we estimate this process may take longer than 1 hour.
     [java] Wed 14:26: We recommend running in simulation to verify correctness before building a DFE configuration.
     [java] Wed 14:26: 
     [java] Wed 14:26: (7/12) - Prepare for Placement (NGDBuild)
     [java] Wed 14:31: (8/12) - Place and Route DFE (XilinxMPPR)
     [java] Wed 14:31: Executing MPPR with 2 cost tables and 1 thread.
     [java] Wed 14:31: MPPR: Starting 2 cost tables
     [java] Wed 15:35: ERROR: MPPR: Failed run: Error running external tool :-
     [java] Wed 15:35: ERROR: Problem            : [Cost table 1] external process failed: Command failed with exit code: 1. Log file: /network-infrastructure/maxq/maxq_imilankovic_2015_apr_22_15.30.28_log_stderr_stdout_13196.log
     [java] Wed 15:35: ERROR: Program log        : /network-infrastructure/maxq/maxq_imilankovic_2015_apr_22_15.30.28_log_stderr_stdout_13196.log
     [java] Wed 15:35: ERROR: Command run        :  xilic trce -v 500 max_compiler_top-par.ncd max_compiler_top.pcf -o max_compiler_top-par.twr -xml max_compiler_top-par.twx  && CLASSPATH="/home/imilankovic/AppGalery/BrainNetwork/APP/dfe/RunRules/Vectis/dist/bin":"/network-raid/opt/maxcompiler-2014.2/lib/MaxCompiler.jar":"/network-raid/opt/maxq/maxq-ctl.jar": java com.maxeler.timinganalyser.MaxTimingAnalyser "/home/imilankovic/builds/22-04-15/BrainNetwork_p8_DFE_f150_ce3_VECTIS_w30" "/home/imilankovic/builds/22-04-15/BrainNetwork_p8_DFE_f150_ce3_VECTIS_w30/scratch/xilinx_pnr/ct1"  && ln -sfn "/home/imilankovic/builds/22-04-15/BrainNetwork_p8_DFE_f150_ce3_VECTIS_w30/scratch/xilinx_pnr/ct1/timingreport" "/home/imilankovic/builds/22-04-15/BrainNetwork_p8_DFE_f150_ce3_VECTIS_w30/timingreport_preliminary"
     [java] Wed 15:35: ERROR: Directory run in   : /home/imilankovic/builds/22-04-15/BrainNetwork_p8_DFE_f150_ce3_VECTIS_w30/scratch/xilinx_pnr/ct1/./xilinx_pnr
     [java] Wed 15:35: ERROR: Exit code          : 1
     [java] Wed 15:35: ERROR: Detailed build log : /home/imilankovic/builds/22-04-15/BrainNetwork_p8_DFE_f150_ce3_VECTIS_w30/scratch/xilinx_pnr/ct1/_build.log
     [java] Wed 16:36: ERROR: MPPR: Failed run: Error running external tool :-
     [java] Wed 16:36: ERROR: Problem            : [Cost table 2] external process failed: Command failed with exit code: 1. Log file: /network-infrastructure/maxq/maxq_imilankovic_2015_apr_22_16.31.47_log_stderr_stdout_13220.log
     [java] Wed 16:36: ERROR: Program log        : /network-infrastructure/maxq/maxq_imilankovic_2015_apr_22_16.31.47_log_stderr_stdout_13220.log
     [java] Wed 16:36: ERROR: Command run        :  xilic trce -v 500 max_compiler_top-par.ncd max_compiler_top.pcf -o max_compiler_top-par.twr -xml max_compiler_top-par.twx  && CLASSPATH="/home/imilankovic/AppGalery/BrainNetwork/APP/dfe/RunRules/Vectis/dist/bin":"/network-raid/opt/maxcompiler-2014.2/lib/MaxCompiler.jar":"/network-raid/opt/maxq/maxq-ctl.jar": java com.maxeler.timinganalyser.MaxTimingAnalyser "/home/imilankovic/builds/22-04-15/BrainNetwork_p8_DFE_f150_ce3_VECTIS_w30" "/home/imilankovic/builds/22-04-15/BrainNetwork_p8_DFE_f150_ce3_VECTIS_w30/scratch/xilinx_pnr/ct2"  && ln -sfn "/home/imilankovic/builds/22-04-15/BrainNetwork_p8_DFE_f150_ce3_VECTIS_w30/scratch/xilinx_pnr/ct2/timingreport" "/home/imilankovic/builds/22-04-15/BrainNetwork_p8_DFE_f150_ce3_VECTIS_w30/timingreport_preliminary"
     [java] Wed 16:36: ERROR: Directory run in   : /home/imilankovic/builds/22-04-15/BrainNetwork_p8_DFE_f150_ce3_VECTIS_w30/scratch/xilinx_pnr/ct2/./xilinx_pnr
     [java] Wed 16:36: ERROR: Exit code          : 1
     [java] Wed 16:36: ERROR: Detailed build log : /home/imilankovic/builds/22-04-15/BrainNetwork_p8_DFE_f150_ce3_VECTIS_w30/scratch/xilinx_pnr/ct2/_build.log
     [java] Wed 16:36: ERROR: Error running external tool :-
     [java] Wed 16:36: ERROR: Problem            : Error in MPPR: [Cost table 2] external process failed: Command failed with exit code: 1. Log file: /network-infrastructure/maxq/maxq_imilankovic_2015_apr_22_16.31.47_log_stderr_stdout_13220.log
     [java] Wed 16:36: ERROR: Program log        : /network-infrastructure/maxq/maxq_imilankovic_2015_apr_22_16.31.47_log_stderr_stdout_13220.log
     [java] Wed 16:36: ERROR: Command run        :  xilic trce -v 500 max_compiler_top-par.ncd max_compiler_top.pcf -o max_compiler_top-par.twr -xml max_compiler_top-par.twx  && CLASSPATH="/home/imilankovic/AppGalery/BrainNetwork/APP/dfe/RunRules/Vectis/dist/bin":"/network-raid/opt/maxcompiler-2014.2/lib/MaxCompiler.jar":"/network-raid/opt/maxq/maxq-ctl.jar": java com.maxeler.timinganalyser.MaxTimingAnalyser "/home/imilankovic/builds/22-04-15/BrainNetwork_p8_DFE_f150_ce3_VECTIS_w30" "/home/imilankovic/builds/22-04-15/BrainNetwork_p8_DFE_f150_ce3_VECTIS_w30/scratch/xilinx_pnr/ct2"  && ln -sfn "/home/imilankovic/builds/22-04-15/BrainNetwork_p8_DFE_f150_ce3_VECTIS_w30/scratch/xilinx_pnr/ct2/timingreport" "/home/imilankovic/builds/22-04-15/BrainNetwork_p8_DFE_f150_ce3_VECTIS_w30/timingreport_preliminary"
     [java] Wed 16:36: ERROR: Directory run in   : /home/imilankovic/builds/22-04-15/BrainNetwork_p8_DFE_f150_ce3_VECTIS_w30/scratch/xilinx_pnr/ct2/./xilinx_pnr
     [java] Wed 16:36: ERROR: Exit code          : 1
     [java] Wed 16:36: ERROR: Detailed build log : /home/imilankovic/builds/22-04-15/BrainNetwork_p8_DFE_f150_ce3_VECTIS_w30/scratch/xilinx_pnr/ct2/_build.log



BUILD FAILED
/home/imilankovic/AppGalery/BrainNetwork/APP/dfe/RunRules/Vectis/BrainNetwork.xml:22: Java returned: 1
	at org.apache.tools.ant.taskdefs.Java.execute(Java.java:118)
	at org.apache.tools.ant.UnknownElement.execute(UnknownElement.java:306)
	at org.apache.tools.ant.Task.perform(Task.java:401)
	at org.apache.tools.ant.Target.execute(Target.java:338)
	at org.apache.tools.ant.Target.performTasks(Target.java:365)
	at org.apache.tools.ant.Project.executeTarget(Project.java:1237)
	at org.apache.tools.ant.Project.executeTargets(Project.java:1094)
	at org.apache.tools.ant.Main.runBuild(Main.java:669)
	at org.apache.tools.ant.Main.startAnt(Main.java:220)
	at org.apache.tools.ant.launch.Launcher.run(Launcher.java:215)
	at org.apache.tools.ant.launch.Launcher.main(Launcher.java:90)

Total time: 144 minutes 54 seconds
