Thu 17:03: ########################################## 
Thu 17:03: Compiling.
Thu 17:03: ########################################## 

Thu 17:03: MaxCompiler version: 2014.2.
Thu 17:03: Build Galava run rule for BrainNetwork start time: Thu Apr 23 17:03:50 BST 2015.
Thu 17:03: Project location: /home/imilankovic/AppGalery/BrainNetwork/APP/dfe.
Thu 17:03: Detailed build log: /home/imilankovic/AppGalery/BrainNetwork/APP/dfe/RunRules/Galava/build.log.

Thu 17:03: Compiling Engine Code.
Thu 17:03: Building BrainNetwork.max file. 
Thu 17:03: Setting environment variable:
Thu 17:03: MAXCOMPILER_BUILD_DIR : /network-scratch/imilankovic/maxdc_builds/
Thu 17:03: MAX_BUILDPARAMS : DFEModel='GALAVA' target='DFE' maxFileName='BrainNetwork' numPipes='12' frequency='200' enableECC='true'  
Thu 17:03: Building output:
Thu 17:03: MaxCompiler version: 2014.2
Thu 17:03: Build "BrainNetwork" start time: Thu Apr 23 17:03:56 BST 2015
Thu 17:03: Main build process running as user imilankovic on host nxws26.office.maxeler.com
Thu 17:03: Build location: /home/imilankovic/builds/23-04-15/BrainNetwork_p12_DFE_f200_ce3_GALAVA_w30
Thu 17:03: Detailed build log available in "_build.log"
Thu 17:03: 
Thu 17:03: ENGINE BUILD PARAMETERS
Thu 17:03: 	     Build name: BrainNetwork_p12_DFE_f200_ce3_GALAVA_w30
Thu 17:03: 	       DFEModel: GALAVA                                  
Thu 17:03: 	    maxFileName: BrainNetwork                            
Thu 17:03: 	         target: DFE                                     
Thu 17:03: 	     enableMPCX: false                                   
Thu 17:03: 	       numPipes: 12                                      
Thu 17:03: 	      frequency: 200                                     
Thu 17:03: 	         window: 30                                      
Thu 17:03: 	       simulate: false                                   
Thu 17:03: 	      enableECC: true                                    
Thu 17:03: 	ceNumPartitions: 3                                       
Thu 17:03: 	         suffix:                                         
Thu 17:03: Instantiating kernel "ColumnMemoryControllerKernel"
Thu 17:03: Instantiating kernel "LinearCorrelationKernel"
Thu 17:03: WARNING: Floating-point casts ignore set rounding mode and use TONEAREVEN rounding only.
Thu 17:03: Instantiating kernel "CompressorBufferKernel"
Thu 17:03: 
Thu 17:03: ENGINE BUILD PARAMETERS
Thu 17:03: 	     Build name: BrainNetwork_p12_DFE_f200_ce3_GALAVA_w30
Thu 17:03: 	       DFEModel: GALAVA                                  
Thu 17:03: 	    maxFileName: BrainNetwork                            
Thu 17:03: 	         target: DFE                                     
Thu 17:03: 	     enableMPCX: false                                   
Thu 17:03: 	       numPipes: 12                                      
Thu 17:03: 	      frequency: 200                                     
Thu 17:03: 	         window: 30                                      
Thu 17:03: 	       simulate: false                                   
Thu 17:03: 	      enableECC: true                                    
Thu 17:03: 	ceNumPartitions: 3                                       
Thu 17:03: 	         suffix:                                         
Thu 17:03: WARNING: Transitioning from non-multiple stream widths 1152 to 768 via a stream of width 2304 is suboptimal for performance and resource utilization.  Use Manager.setAllowNonMultipleTransitions(true) or config.setAllowNonMultipleTransitions(true) (in a CustomManager) to allow such transitions.
Thu 17:03: WARNING: Source='CompressorBufferKernel.burst_to_memory' Sink='burst_to_memory.burst_to_memory'
Thu 17:03: 
Thu 17:03: Compiling kernel "ColumnMemoryControllerKernel"
Thu 17:03: WARNING: Warning (UNCONNECTED_DESIGN_ELEMENT):
Thu 17:03: WARNING: Unconnected elements in design 'ColumnMemoryControllerKernel'
Thu 17:03: WARNING: details in : /home/imilankovic/builds/23-04-15/BrainNetwork_p12_DFE_f200_ce3_GALAVA_w30/scratch/ColumnMemoryControllerKernel_graph_warnings.txt
Thu 17:04: 
Thu 17:04: Compiling kernel "LinearCorrelationKernel"
Thu 17:04: WARNING: Warning (UNCONNECTED_DESIGN_ELEMENT):
Thu 17:04: WARNING: Unconnected elements in design 'LinearCorrelationKernel'
Thu 17:04: WARNING: details in : /home/imilankovic/builds/23-04-15/BrainNetwork_p12_DFE_f200_ce3_GALAVA_w30/scratch/LinearCorrelationKernel_graph_warnings.txt
Thu 17:04: WARNING: Warning (MULTIPLY_ADD_EXTRACTION):
Thu 17:04: WARNING: MaxCompiler has detected and optimized one or more multiply add trees. These
Thu 17:04: WARNING: optimizations reduce the amount of rounding that takes place. This will improve
Thu 17:04: WARNING: precision but may mean that the output of this bitstream is not bit-identical
Thu 17:04: WARNING: to that of a similar bitstream.
Thu 17:04: WARNING: Warning (CONSTANT_ENCODING):
Thu 17:04: WARNING: Precision loss occurred in some constant values.
Thu 17:04: WARNING: For details see /home/imilankovic/builds/23-04-15/BrainNetwork_p12_DFE_f200_ce3_GALAVA_w30/scratch/LinearCorrelationKernel_constants_report.txt
Thu 17:04: 
Thu 17:04: Compiling kernel "CompressorBufferKernel"
Thu 17:04: WARNING: Warning (UNCONNECTED_DESIGN_ELEMENT):
Thu 17:04: WARNING: Unconnected elements in design 'CompressorBufferKernel'
Thu 17:04: WARNING: details in : /home/imilankovic/builds/23-04-15/BrainNetwork_p12_DFE_f200_ce3_GALAVA_w30/scratch/CompressorBufferKernel_graph_warnings.txt
Thu 17:05: Generating input files (VHDL, netlists, MegaWizard/CoreGen)
Thu 17:05: Running back-end  build (16 phases)
Thu 17:05: (1/16) - Prepare MaxFile Data (GenerateMaxFileDataFile)
Thu 17:05: (2/16) - Prepare for Placement (QuartusMap)
Thu 17:05: Engine build terminated by user.
Thu 17:05: Engine build terminated by user
Thu 17:05: Build failed: Thu Apr 23 17:05:54 BST 2015


